<?xml version="1.0" encoding="UTF-8"?>
<testsuite name="net.bestia.server.AkkaClusterTest" tests="2" skipped="0" failures="0" errors="0" timestamp="2018-01-17T22:13:29" hostname="Solid" time="0.004">
  <properties/>
  <testcase name="getNodeName_null_throws" classname="net.bestia.server.AkkaClusterTest" time="0.003"/>
  <testcase name="getNodeName_ok" classname="net.bestia.server.AkkaClusterTest" time="0.001"/>
  <system-out><![CDATA[]]></system-out>
  <system-err><![CDATA[]]></system-err>
</testsuite>
