<?xml version="1.0" encoding="UTF-8"?>
<testsuite name="net.bestia.entity.EntityTest" tests="6" skipped="0" failures="0" errors="0" timestamp="2018-01-17T22:06:50" hostname="Solid" time="0.232">
  <properties/>
  <testcase name="removeComponent_addedComponent_isRemoved" classname="net.bestia.entity.EntityTest" time="0.221"/>
  <testcase name="ctor_id_works" classname="net.bestia.entity.EntityTest" time="0.0"/>
  <testcase name="addComponent_null_throws" classname="net.bestia.entity.EntityTest" time="0.0"/>
  <testcase name="removeComponent_unknownComponent_nothingHappens" classname="net.bestia.entity.EntityTest" time="0.002"/>
  <testcase name="addComponent_component_works" classname="net.bestia.entity.EntityTest" time="0.0"/>
  <testcase name="getComponentId_null_throws" classname="net.bestia.entity.EntityTest" time="0.001"/>
  <system-out><![CDATA[]]></system-out>
  <system-err><![CDATA[]]></system-err>
</testsuite>
