<?xml version="1.0" encoding="UTF-8"?>
<testsuite name="net.bestia.entity.component.BattleComponentTest" tests="6" skipped="0" failures="0" errors="0" timestamp="2018-01-17T22:06:51" hostname="Solid" time="0.291">
  <properties/>
  <testcase name="addDamageReceived_negativeId_doesNothing" classname="net.bestia.entity.component.BattleComponentTest" time="0.002"/>
  <testcase name="getDamageDistribution_containsAllDamageDealersPercentage" classname="net.bestia.entity.component.BattleComponentTest" time="0.082"/>
  <testcase name="addDamageReceived_negativeOrNullDamage_doesNothing" classname="net.bestia.entity.component.BattleComponentTest" time="0.0"/>
  <testcase name="addDamageReceived_notMoreThenCertainMax" classname="net.bestia.entity.component.BattleComponentTest" time="0.202"/>
  <testcase name="addDamageReceived_validNumberOfDamage_isAdded" classname="net.bestia.entity.component.BattleComponentTest" time="0.001"/>
  <testcase name="clearDamageEntries_clearsTheEntries" classname="net.bestia.entity.component.BattleComponentTest" time="0.001"/>
  <system-out><![CDATA[]]></system-out>
  <system-err><![CDATA[]]></system-err>
</testsuite>
