<?xml version="1.0" encoding="UTF-8"?>
<testsuite name="net.bestia.entity.component.LevelComponentTest" tests="5" skipped="0" failures="0" errors="0" timestamp="2018-01-17T22:06:51" hostname="Solid" time="0.004">
  <properties/>
  <testcase name="setExp_correctExp" classname="net.bestia.entity.component.LevelComponentTest" time="0.001"/>
  <testcase name="equals_differentComp_false" classname="net.bestia.entity.component.LevelComponentTest" time="0.001"/>
  <testcase name="setLevel__correctLevel" classname="net.bestia.entity.component.LevelComponentTest" time="0.0"/>
  <testcase name="setExp__negExp_0Exp" classname="net.bestia.entity.component.LevelComponentTest" time="0.0"/>
  <testcase name="setLevel__negLvl_1Lvl" classname="net.bestia.entity.component.LevelComponentTest" time="0.001"/>
  <system-out><![CDATA[]]></system-out>
  <system-err><![CDATA[]]></system-err>
</testsuite>
