<?xml version="1.0" encoding="UTF-8"?>
<testsuite name="net.bestia.entity.component.PositionComponentTest" tests="4" skipped="0" failures="0" errors="0" timestamp="2018-01-17T22:06:51" hostname="Solid" time="0.004">
  <properties/>
  <testcase name="getFacing_setAndGet" classname="net.bestia.entity.component.PositionComponentTest" time="0.001"/>
  <testcase name="isSightBlocking_setAndGet" classname="net.bestia.entity.component.PositionComponentTest" time="0.001"/>
  <testcase name="setPosition_point" classname="net.bestia.entity.component.PositionComponentTest" time="0.001"/>
  <testcase name="setPosition_xAndY" classname="net.bestia.entity.component.PositionComponentTest" time="0.0"/>
  <system-out><![CDATA[]]></system-out>
  <system-err><![CDATA[]]></system-err>
</testsuite>
